{
  "stats": {
    "suites": 1,
    "tests": 8,
    "passes": 8,
    "pending": 0,
    "failures": 0,
    "start": "2024-10-20T07:29:24.588Z",
    "end": "2024-10-20T07:29:30.694Z",
    "duration": 6106,
    "testsRegistered": 8,
    "passPercent": 100,
    "pendingPercent": 0,
    "other": 0,
    "hasOther": false,
    "skipped": 0,
    "hasSkipped": false
  },
  "results": [
    {
      "uuid": "e4f498eb-9dfb-4197-8eac-d6e7be2c9766",
      "title": "",
      "fullFile": "cypress\\e2e\\api-tests\\goals.cy.js",
      "file": "cypress\\e2e\\api-tests\\goals.cy.js",
      "beforeHooks": [],
      "afterHooks": [],
      "tests": [],
      "suites": [
        {
          "uuid": "dab0973d-641a-45ef-84a8-aa6cf5ea39b1",
          "title": "Check goals functionality on clickup",
          "fullFile": "",
          "file": "",
          "beforeHooks": [],
          "afterHooks": [],
          "tests": [
            {
              "title": "Get Goals",
              "fullTitle": "Check goals functionality on clickup Get Goals",
              "timedOut": null,
              "duration": 253,
              "state": "passed",
              "speed": "fast",
              "pass": true,
              "fail": false,
              "pending": false,
              "context": null,
              "code": "getGoals().then(response => {\n  expect(response.status).to.eq(200);\n});",
              "err": {},
              "uuid": "83d2efeb-b3d8-45f1-9f1c-d1551031d46f",
              "parentUUID": "dab0973d-641a-45ef-84a8-aa6cf5ea39b1",
              "isHook": false,
              "skipped": false
            },
            {
              "title": "Create Goal",
              "fullTitle": "Check goals functionality on clickup Create Goal",
              "timedOut": null,
              "duration": 290,
              "state": "passed",
              "speed": "fast",
              "pass": true,
              "fail": false,
              "pending": false,
              "context": null,
              "code": "createGoal().then(response => {\n  expect(response.status).to.eq(200);\n});",
              "err": {},
              "uuid": "c001a736-f40b-46b3-aec7-4767665bdb9e",
              "parentUUID": "dab0973d-641a-45ef-84a8-aa6cf5ea39b1",
              "isHook": false,
              "skipped": false
            },
            {
              "title": "Get Goal",
              "fullTitle": "Check goals functionality on clickup Get Goal",
              "timedOut": null,
              "duration": 454,
              "state": "passed",
              "speed": "fast",
              "pass": true,
              "fail": false,
              "pending": false,
              "context": null,
              "code": "createGoal().then(createResponse => {\n  const goal_id = createResponse.body.goal.id;\n  getGoal(goal_id).then(getResponse => {\n    const goal = getResponse.body.goal;\n    expect(getResponse.status).to.eq(200);\n    cy.get('@randomColor').then(color => {\n      expect(goal.color).to.eq(color);\n    });\n    cy.get('@randomDueDate').then(dueDate => {\n      expect(goal.due_date).to.eq(dueDate.toString());\n    });\n    cy.get('@randomGoalName').then(name => {\n      expect(goal.name).to.eq(name);\n    });\n    cy.get('@randomGoalDescription').then(description => {\n      expect(goal.description).to.eq(description);\n    });\n  });\n});",
              "err": {},
              "uuid": "3256d8e0-395e-46dd-956f-6e97066aacdd",
              "parentUUID": "dab0973d-641a-45ef-84a8-aa6cf5ea39b1",
              "isHook": false,
              "skipped": false
            },
            {
              "title": "Update Goal",
              "fullTitle": "Check goals functionality on clickup Update Goal",
              "timedOut": null,
              "duration": 840,
              "state": "passed",
              "speed": "fast",
              "pass": true,
              "fail": false,
              "pending": false,
              "context": null,
              "code": "createGoal().then(createResponse => {\n  const goal_id = createResponse.body.goal.id;\n  updateGoal(goal_id).then(updateResponse => {\n    expect(updateResponse.status).to.eq(200);\n    getGoal(goal_id).then(getResponse => {\n      const updatedGoal = getResponse.body.goal;\n      expect(getResponse.status).to.eq(200);\n      cy.get('@updatedGoalName').then(name => {\n        expect(updatedGoal.name).to.eq(name);\n      });\n      cy.get('@updatedGoalDescription').then(description => {\n        expect(updatedGoal.description).to.eq(description);\n      });\n    });\n  });\n});",
              "err": {},
              "uuid": "4d98619e-2516-49cc-94c7-8f034519550a",
              "parentUUID": "dab0973d-641a-45ef-84a8-aa6cf5ea39b1",
              "isHook": false,
              "skipped": false
            },
            {
              "title": "Delete Goal",
              "fullTitle": "Check goals functionality on clickup Delete Goal",
              "timedOut": null,
              "duration": 1578,
              "state": "passed",
              "speed": "fast",
              "pass": true,
              "fail": false,
              "pending": false,
              "context": null,
              "code": "createGoal().then(response => {\n  const goal_id = response.body.goal.id;\n  deleteGoal(goal_id).then(response => {\n    expect(response.status).to.eq(200);\n    getGoal(goal_id).then(response => {\n      expect(response.status).to.be.oneOf([404, 403]);\n      // чомусь в постмані видає 404, а тут часто - 403\n    });\n  });\n});",
              "err": {},
              "uuid": "f7acb440-c1d2-452c-80cf-3e49acc6e99e",
              "parentUUID": "dab0973d-641a-45ef-84a8-aa6cf5ea39b1",
              "isHook": false,
              "skipped": false
            },
            {
              "title": "Create Key Result",
              "fullTitle": "Check goals functionality on clickup Create Key Result",
              "timedOut": null,
              "duration": 700,
              "state": "passed",
              "speed": "fast",
              "pass": true,
              "fail": false,
              "pending": false,
              "context": null,
              "code": "createGoal().then(goalResponse => {\n  const goal_id = goalResponse.body.goal.id;\n  createKeyResult(goal_id).then(keyResultResponse => {\n    expect(keyResultResponse.status).to.eq(200);\n    getGoal(goal_id).then(response => {\n      const keyResultId = keyResultResponse.body.key_result.id;\n      const goal = response.body.goal;\n      expect(response.status).to.eq(200);\n      expect(goal).to.have.property('key_results');\n      const keyResult = goal.key_results.find(result => result.id === keyResultId);\n      expect(keyResult).to.not.be.undefined;\n      cy.get('@keyResultName').then(name => {\n        expect(keyResult.name).to.eq(name);\n      });\n    });\n  });\n});",
              "err": {},
              "uuid": "527b24ab-78f4-47a3-86a5-31a56cba39b5",
              "parentUUID": "dab0973d-641a-45ef-84a8-aa6cf5ea39b1",
              "isHook": false,
              "skipped": false
            },
            {
              "title": "Edit Key Result",
              "fullTitle": "Check goals functionality on clickup Edit Key Result",
              "timedOut": null,
              "duration": 832,
              "state": "passed",
              "speed": "fast",
              "pass": true,
              "fail": false,
              "pending": false,
              "context": null,
              "code": "createGoal().then(goalResponse => {\n  const goal_id = goalResponse.body.goal.id;\n  createKeyResult(goal_id).then(keyResultResponse => {\n    expect(keyResultResponse.status).to.eq(200);\n    const key_result_id = keyResultResponse.body.key_result.id;\n    editKeyResult(key_result_id).then(editResponse => {\n      expect(editResponse.status).to.eq(200);\n      cy.get('@newKeyResultName').then(newName => {\n        cy.get('@keyResultName').then(oldName => {\n          expect(newName).to.not.eq(oldName);\n          getGoal(goal_id).then(goalResponse => {\n            const updatedKeyResult = goalResponse.body.goal.key_results.find(kr => kr.id === key_result_id);\n            expect(updatedKeyResult).to.exist;\n            expect(updatedKeyResult.name).to.eq(newName);\n          });\n        });\n      });\n    });\n  });\n});",
              "err": {},
              "uuid": "5da018fc-c2fc-4793-a9c0-dbd0259d46f9",
              "parentUUID": "dab0973d-641a-45ef-84a8-aa6cf5ea39b1",
              "isHook": false,
              "skipped": false
            },
            {
              "title": "Delete Key Result",
              "fullTitle": "Check goals functionality on clickup Delete Key Result",
              "timedOut": null,
              "duration": 807,
              "state": "passed",
              "speed": "fast",
              "pass": true,
              "fail": false,
              "pending": false,
              "context": null,
              "code": "createGoal().then(response => {\n  const goal_id = response.body.goal.id;\n  createKeyResult(goal_id).then(keyResultResponse => {\n    const key_result_id = keyResultResponse.body.key_result.id;\n    deleteKeyResult(key_result_id).then(deleteResponse => {\n      expect(deleteResponse.status).to.eq(200);\n      getGoal(goal_id).then(goalResponse => {\n        const deletedKeyResult = goalResponse.body.goal.key_results.find(kr => kr.id === key_result_id);\n        expect(deletedKeyResult).to.be.undefined;\n      });\n    });\n  });\n});",
              "err": {},
              "uuid": "4c395efd-c18e-474a-a31b-c02ee3c55757",
              "parentUUID": "dab0973d-641a-45ef-84a8-aa6cf5ea39b1",
              "isHook": false,
              "skipped": false
            }
          ],
          "suites": [],
          "passes": [
            "83d2efeb-b3d8-45f1-9f1c-d1551031d46f",
            "c001a736-f40b-46b3-aec7-4767665bdb9e",
            "3256d8e0-395e-46dd-956f-6e97066aacdd",
            "4d98619e-2516-49cc-94c7-8f034519550a",
            "f7acb440-c1d2-452c-80cf-3e49acc6e99e",
            "527b24ab-78f4-47a3-86a5-31a56cba39b5",
            "5da018fc-c2fc-4793-a9c0-dbd0259d46f9",
            "4c395efd-c18e-474a-a31b-c02ee3c55757"
          ],
          "failures": [],
          "pending": [],
          "skipped": [],
          "duration": 5754,
          "root": false,
          "rootEmpty": false,
          "_timeout": 2000
        }
      ],
      "passes": [],
      "failures": [],
      "pending": [],
      "skipped": [],
      "duration": 0,
      "root": true,
      "rootEmpty": true,
      "_timeout": 2000
    }
  ],
  "meta": {
    "mocha": {
      "version": "7.0.1"
    },
    "mochawesome": {
      "options": {
        "quiet": false,
        "reportFilename": "mochawesome",
        "saveHtml": true,
        "saveJson": true,
        "consoleReporter": "spec",
        "useInlineDiffs": false,
        "code": true
      },
      "version": "7.1.3"
    },
    "marge": {
      "options": null,
      "version": "6.2.0"
    }
  }
}